#
# There is insufficient memory for the Java Runtime Environment to continue.
# Native memory allocation (malloc) failed to allocate 1692496 bytes for Chunk::new
# Possible reasons:
#   The system is out of physical RAM or swap space
#   In 32 bit mode, the process size limit was hit
# Possible solutions:
#   Reduce memory load on the system
#   Increase physical memory or swap space
#   Check if swap backing store is full
#   Use 64 bit Java on a 64 bit OS
#   Decrease Java heap size (-Xmx/-Xms)
#   Decrease number of Java threads
#   Decrease Java thread stack sizes (-Xss)
#   Set larger code cache with -XX:ReservedCodeCacheSize=
# This output file may be truncated or incomplete.
#
#  Out of Memory Error (allocation.cpp:390), pid=7000, tid=7060
#
# JRE version: Java(TM) SE Runtime Environment (8.0_73-b02) (build 1.8.0_73-b02)
# Java VM: Java HotSpot(TM) 64-Bit Server VM (25.73-b02 mixed mode windows-amd64 compressed oops)
# Failed to write core dump. Minidumps are not enabled by default on client versions of Windows
#

---------------  T H R E A D  ---------------

Current thread (0x0000000054fb8800):  JavaThread "C2 CompilerThread0" daemon [_thread_in_native, id=7060, stack(0x0000000055e70000,0x0000000055f70000)]

Stack: [0x0000000055e70000,0x0000000055f70000]
[error occurred during error reporting (printing stack bounds), id 0xc0000005]

Native frames: (J=compiled Java code, j=interpreted, Vv=VM code, C=native code)


Current CompileTask:
C2:   4230 1482   !   4       com.android.dx.cf.code.BytecodeArray::parseInstruction (2764 bytes)


---------------  P R O C E S S  ---------------

Java Threads: ( => current thread )
  0x000000005667d000 JavaThread "pool-2-thread-4" [_thread_blocked, id=5544, stack(0x00000000570c0000,0x00000000571c0000)]
  0x000000005667c800 JavaThread "pool-2-thread-3" [_thread_blocked, id=4840, stack(0x0000000056f10000,0x0000000057010000)]
  0x0000000056675800 JavaThread "pool-2-thread-2" [_thread_in_vm, id=5900, stack(0x0000000056d10000,0x0000000056e10000)]
  0x00000000566b8000 JavaThread "pool-3-thread-1" [_thread_blocked, id=4824, stack(0x0000000056b60000,0x0000000056c60000)]
  0x00000000566b6000 JavaThread "pool-2-thread-1" [_thread_in_vm, id=4372, stack(0x0000000056920000,0x0000000056a20000)]
  0x0000000054fd3000 JavaThread "Service Thread" daemon [_thread_blocked, id=6208, stack(0x0000000056320000,0x0000000056420000)]
  0x0000000054fc6800 JavaThread "C1 CompilerThread1" daemon [_thread_in_native, id=6680, stack(0x0000000056060000,0x0000000056160000)]
=>0x0000000054fb8800 JavaThread "C2 CompilerThread0" daemon [_thread_in_native, id=7060, stack(0x0000000055e70000,0x0000000055f70000)]
  0x0000000054fb6000 JavaThread "Attach Listener" daemon [_thread_blocked, id=5224, stack(0x0000000055b40000,0x0000000055c40000)]
  0x0000000054fb5800 JavaThread "Signal Dispatcher" daemon [_thread_blocked, id=716, stack(0x0000000055cc0000,0x0000000055dc0000)]
  0x0000000054f46000 JavaThread "Finalizer" daemon [_thread_blocked, id=1004, stack(0x0000000055a10000,0x0000000055b10000)]
  0x0000000054f42800 JavaThread "Reference Handler" daemon [_thread_blocked, id=6804, stack(0x00000000558d0000,0x00000000559d0000)]
  0x00000000025bf000 JavaThread "main" [_thread_blocked, id=6536, stack(0x00000000027d0000,0x00000000028d0000)]

Other Threads:
  0x0000000054f3d000 VMThread [stack: 0x0000000055790000,0x0000000055890000] [id=6244]
  0x000000005644c800 WatcherThread [stack: 0x0000000056220000,0x0000000056320000] [id=6652]

VM state:not at safepoint (normal execution)

VM Mutex/Monitor currently owned by a thread: None

Heap:
 PSYoungGen      total 18944K, used 13528K [0x00000000eab00000, 0x00000000ed000000, 0x0000000100000000)
  eden space 16384K, 67% used [0x00000000eab00000,0x00000000eb5bc350,0x00000000ebb00000)
  from space 2560K, 99% used [0x00000000ebb00000,0x00000000ebd7a030,0x00000000ebd80000)
  to   space 2560K, 0% used [0x00000000ecd80000,0x00000000ecd80000,0x00000000ed000000)
 ParOldGen       total 44032K, used 6658K [0x00000000c0000000, 0x00000000c2b00000, 0x00000000eab00000)
  object space 44032K, 15% used [0x00000000c0000000,0x00000000c0680ab0,0x00000000c2b00000)
 Metaspace       used 6071K, capacity 7024K, committed 7296K, reserved 1056768K
  class space    used 591K, capacity 616K, committed 640K, reserved 1048576K

Card table byte_map: [0x0000000011c90000,0x0000000011ea0000] byte_map_base: 0x0000000011690000

Marking Bits: (ParMarkBitMap*) 0x0000000060770600
 Begin Bits: [0x0000000012410000, 0x0000000013410000)
 End Bits:   [0x0000000013410000, 0x0000000014410000)

Polling page: 0x0000000000240000

CodeCache: size=245760Kb used=6580Kb max_used=6580Kb free=239180Kb
 bounds [0x00000000028d0000, 0x0000000002f50000, 0x00000000118d0000]
 total_blobs=1797 nmethods=1533 adapters=178
 compilation: enabled

Compilation events (10 events):
Event: 4.224 Thread 0x0000000054fc6800 nmethod 1529 0x0000000002f2fc10 code [0x0000000002f30140, 0x0000000002f338a8]
Event: 4.224 Thread 0x0000000054fc6800 1530       3       com.android.dx.cf.code.Ropper::addSynchExceptionHandlerBlock (206 bytes)
Event: 4.226 Thread 0x0000000054fc6800 nmethod 1530 0x0000000002f36690 code [0x0000000002f36c40, 0x0000000002f3a898]
Event: 4.226 Thread 0x0000000054fc6800 1531       3       com.android.dx.rop.code.AccessFlags::isSynchronized (13 bytes)
Event: 4.226 Thread 0x0000000054fc6800 nmethod 1531 0x0000000002f3db90 code [0x0000000002f3dce0, 0x0000000002f3de70]
Event: 4.228 Thread 0x0000000054fc6800 1532       3       java.util.concurrent.locks.AbstractQueuedSynchronizer::setHead (16 bytes)
Event: 4.228 Thread 0x0000000054fc6800 nmethod 1532 0x0000000002f3df10 code [0x0000000002f3e060, 0x0000000002f3e210]
Event: 4.228 Thread 0x0000000054fc6800 1533       3       com.android.dx.dex.file.EncodedMethod::<init> (68 bytes)
Event: 4.228 Thread 0x0000000054fc6800 nmethod 1533 0x0000000002f3e2d0 code [0x0000000002f3e460, 0x0000000002f3e918]
Event: 4.228 Thread 0x0000000054fc6800 1534       3       com.android.dx.dex.cf.AttributeTranslator::getMethodAnnotations (37 bytes)

GC Heap History (6 events):
Event: 1.241 GC heap before
{Heap before GC invocations=1 (full 0):
 PSYoungGen      total 18944K, used 16384K [0x00000000eab00000, 0x00000000ec000000, 0x0000000100000000)
  eden space 16384K, 100% used [0x00000000eab00000,0x00000000ebb00000,0x00000000ebb00000)
  from space 2560K, 0% used [0x00000000ebd80000,0x00000000ebd80000,0x00000000ec000000)
  to   space 2560K, 0% used [0x00000000ebb00000,0x00000000ebb00000,0x00000000ebd80000)
 ParOldGen       total 44032K, used 0K [0x00000000c0000000, 0x00000000c2b00000, 0x00000000eab00000)
  object space 44032K, 0% used [0x00000000c0000000,0x00000000c0000000,0x00000000c2b00000)
 Metaspace       used 5657K, capacity 6704K, committed 6784K, reserved 1056768K
  class space    used 587K, capacity 616K, committed 640K, reserved 1048576K
Event: 1.342 GC heap after
Heap after GC invocations=1 (full 0):
 PSYoungGen      total 18944K, used 2543K [0x00000000eab00000, 0x00000000ec000000, 0x0000000100000000)
  eden space 16384K, 0% used [0x00000000eab00000,0x00000000eab00000,0x00000000ebb00000)
  from space 2560K, 99% used [0x00000000ebb00000,0x00000000ebd7bc88,0x00000000ebd80000)
  to   space 2560K, 0% used [0x00000000ebd80000,0x00000000ebd80000,0x00000000ec000000)
 ParOldGen       total 44032K, used 1415K [0x00000000c0000000, 0x00000000c2b00000, 0x00000000eab00000)
  object space 44032K, 3% used [0x00000000c0000000,0x00000000c0161c00,0x00000000c2b00000)
 Metaspace       used 5657K, capacity 6704K, committed 6784K, reserved 1056768K
  class space    used 587K, capacity 616K, committed 640K, reserved 1048576K
}
Event: 3.087 GC heap before
{Heap before GC invocations=2 (full 0):
 PSYoungGen      total 18944K, used 18927K [0x00000000eab00000, 0x00000000ec000000, 0x0000000100000000)
  eden space 16384K, 100% used [0x00000000eab00000,0x00000000ebb00000,0x00000000ebb00000)
  from space 2560K, 99% used [0x00000000ebb00000,0x00000000ebd7bc88,0x00000000ebd80000)
  to   space 2560K, 0% used [0x00000000ebd80000,0x00000000ebd80000,0x00000000ec000000)
 ParOldGen       total 44032K, used 1415K [0x00000000c0000000, 0x00000000c2b00000, 0x00000000eab00000)
  object space 44032K, 3% used [0x00000000c0000000,0x00000000c0161c00,0x00000000c2b00000)
 Metaspace       used 5963K, capacity 6960K, committed 7040K, reserved 1056768K
  class space    used 591K, capacity 616K, committed 640K, reserved 1048576K
Event: 3.120 GC heap after
Heap after GC invocations=2 (full 0):
 PSYoungGen      total 18944K, used 2552K [0x00000000eab00000, 0x00000000ed000000, 0x0000000100000000)
  eden space 16384K, 0% used [0x00000000eab00000,0x00000000eab00000,0x00000000ebb00000)
  from space 2560K, 99% used [0x00000000ebd80000,0x00000000ebffe038,0x00000000ec000000)
  to   space 2560K, 0% used [0x00000000ebb00000,0x00000000ebb00000,0x00000000ebd80000)
 ParOldGen       total 44032K, used 3771K [0x00000000c0000000, 0x00000000c2b00000, 0x00000000eab00000)
  object space 44032K, 8% used [0x00000000c0000000,0x00000000c03aef78,0x00000000c2b00000)
 Metaspace       used 5963K, capacity 6960K, committed 7040K, reserved 1056768K
  class space    used 591K, capacity 616K, committed 640K, reserved 1048576K
}
Event: 3.549 GC heap before
{Heap before GC invocations=3 (full 0):
 PSYoungGen      total 18944K, used 18936K [0x00000000eab00000, 0x00000000ed000000, 0x0000000100000000)
  eden space 16384K, 100% used [0x00000000eab00000,0x00000000ebb00000,0x00000000ebb00000)
  from space 2560K, 99% used [0x00000000ebd80000,0x00000000ebffe038,0x00000000ec000000)
  to   space 2560K, 0% used [0x00000000ebb00000,0x00000000ebb00000,0x00000000ebd80000)
 ParOldGen       total 44032K, used 3771K [0x00000000c0000000, 0x00000000c2b00000, 0x00000000eab00000)
  object space 44032K, 8% used [0x00000000c0000000,0x00000000c03aef78,0x00000000c2b00000)
 Metaspace       used 5990K, capacity 6960K, committed 7040K, reserved 1056768K
  class space    used 591K, capacity 616K, committed 640K, reserved 1048576K
Event: 3.586 GC heap after
Heap after GC invocations=3 (full 0):
 PSYoungGen      total 18944K, used 2536K [0x00000000eab00000, 0x00000000ed000000, 0x0000000100000000)
  eden space 16384K, 0% used [0x00000000eab00000,0x00000000eab00000,0x00000000ebb00000)
  from space 2560K, 99% used [0x00000000ebb00000,0x00000000ebd7a030,0x00000000ebd80000)
  to   space 2560K, 0% used [0x00000000ecd80000,0x00000000ecd80000,0x00000000ed000000)
 ParOldGen       total 44032K, used 6658K [0x00000000c0000000, 0x00000000c2b00000, 0x00000000eab00000)
  object space 44032K, 15% used [0x00000000c0000000,0x00000000c0680ab0,0x00000000c2b00000)
 Metaspace       used 5990K, capacity 6960K, committed 7040K, reserved 1056768K
  class space    used 591K, capacity 616K, committed 640K, reserved 1048576K
}

Deoptimization events (10 events):
Event: 3.494 Thread 0x0000000056675800 Uncommon trap: reason=unstable_if action=reinterpret pc=0x0000000002c7b050 method=com.android.dx.rop.code.RegisterSpecSet.put(Lcom/android/dx/rop/code/RegisterSpec;)V @ 77
Event: 3.494 Thread 0x0000000056675800 Uncommon trap: reason=unstable_if action=reinterpret pc=0x0000000002bb899c method=com.android.dx.rop.code.RegisterSpecSet.put(Lcom/android/dx/rop/code/RegisterSpec;)V @ 77
Event: 3.527 Thread 0x00000000566b6000 Uncommon trap: reason=bimorphic action=maybe_recompile pc=0x0000000002c1eef0 method=java.util.HashMap.putVal(ILjava/lang/Object;Ljava/lang/Object;ZZ)Ljava/lang/Object; @ 91
Event: 3.539 Thread 0x00000000566b6000 Uncommon trap: reason=unstable_if action=reinterpret pc=0x0000000002e35640 method=com.android.dx.ssa.SCCP.simulateBranch(Lcom/android/dx/ssa/SsaInsn;)V @ 64
Event: 4.017 Thread 0x0000000056675800 Uncommon trap: reason=unstable_if action=reinterpret pc=0x0000000002bb8084 method=com.android.dx.rop.code.RegisterSpec.equals(ILcom/android/dx/rop/type/TypeBearer;Lcom/android/dx/rop/code/LocalItem;)Z @ 42
Event: 4.017 Thread 0x0000000056675800 Uncommon trap: reason=unstable_if action=reinterpret pc=0x0000000002e029f0 method=com.android.dx.ssa.SsaRenamer$BlockRenamer.addMapping(ILcom/android/dx/rop/code/RegisterSpec;)V @ 120
Event: 4.017 Thread 0x0000000056675800 Uncommon trap: reason=unstable_if action=reinterpret pc=0x0000000002d7cddc method=com.android.dx.ssa.SsaRenamer$BlockRenamer.addMapping(ILcom/android/dx/rop/code/RegisterSpec;)V @ 120
Event: 4.017 Thread 0x0000000056675800 Uncommon trap: reason=unstable_if action=reinterpret pc=0x0000000002c24544 method=com.android.dx.ssa.SsaRenamer$BlockRenamer.addMapping(ILcom/android/dx/rop/code/RegisterSpec;)V @ 120
Event: 4.166 Thread 0x00000000566b6000 Uncommon trap: reason=unstable_if action=reinterpret pc=0x0000000002e3e054 method=com.android.dx.ssa.LiteralOpUpgrader$1.visitNonMoveInsn(Lcom/android/dx/ssa/NormalSsaInsn;)V @ 55
Event: 4.166 Thread 0x00000000566b6000 Uncommon trap: reason=unstable_if action=reinterpret pc=0x0000000002b95d0c method=com.android.dx.ssa.SsaMethod.updateOneDefinition(Lcom/android/dx/ssa/SsaInsn;Lcom/android/dx/rop/code/RegisterSpec;)V @ 4

Internal exceptions (3 events):
Event: 0.184 Thread 0x00000000025bf000 Exception <a 'java/lang/NoSuchMethodError': Method sun.misc.Unsafe.defineClass(Ljava/lang/String;[BII)Ljava/lang/Class; name or signature does not match> (0x00000000eab13110) thrown at [D:\re\puppet\workspace\8-2-build-windows-amd64-cygwin\jdk8u73\6086\hot⁄9Ÿ≈^à«?
Event: 0.184 Thread 0x00000000025bf000 Exception <a 'java/lang/NoSuchMethodError': Method sun.misc.Unsafe.prefetchRead(Ljava/lang/Object;J)V name or signature does not match> (0x00000000eab133f8) thrown at [D:\re\puppet\workspace\8-2-build-windows-amd64-cygwin\jdk8u73\6086\hotspot\src\share\vm\Æ{Óè‰@
Event: 3.487 Thread 0x0000000056675800 Implicit null exception at 0x0000000002cb0ae3 to 0x0000000002cb16a9

Events (10 events):
Event: 4.017 Thread 0x0000000056675800 DEOPT PACKING pc=0x0000000002c24544 sp=0x0000000056e0e3f0
Event: 4.017 Thread 0x0000000056675800 DEOPT UNPACKING pc=0x000000000291582a sp=0x0000000056e0e398 mode 2
Event: 4.166 Thread 0x00000000566b6000 Uncommon trap: trap_request=0xffffff65 fr.pc=0x0000000002e3e054
Event: 4.166 Thread 0x00000000566b6000 DEOPT PACKING pc=0x0000000002e3e054 sp=0x0000000056a1ece0
Event: 4.166 Thread 0x00000000566b6000 DEOPT UNPACKING pc=0x000000000291582a sp=0x0000000056a1ecd0 mode 2
Event: 4.166 loading class com/android/dx/rop/code/RegOps
Event: 4.166 loading class com/android/dx/rop/code/RegOps done
Event: 4.166 Thread 0x00000000566b6000 Uncommon trap: trap_request=0xffffff65 fr.pc=0x0000000002b95d0c
Event: 4.166 Thread 0x00000000566b6000 DEOPT PACKING pc=0x0000000002b95d0c sp=0x0000000056a1eb30
Event: 4.166 Thread 0x00000000566b6000 DEOPT UNPACKING pc=0x000000000291582a sp=0x0000000056a1ead8 mode 2


Dynamic libraries:
0x000000013f9b0000 - 0x000000013f9e7000 	C:\Program Files\Java\jdk1.8.0_73\bin\java.exe
0x0000000077810000 - 0x00000000779ba000 	C:\Windows\SYSTEM32\ntdll.dll
0x00000000774b0000 - 0x00000000775cf000 	C:\Windows\system32\kernel32.dll
0x000007fefd5e0000 - 0x000007fefd64a000 	C:\Windows\system32\KERNELBASE.dll
0x000007feff6d0000 - 0x000007feff7ab000 	C:\Windows\system32\ADVAPI32.dll
0x000007feff500000 - 0x000007feff59f000 	C:\Windows\system32\msvcrt.dll
0x000007fefd990000 - 0x000007fefd9af000 	C:\Windows\SYSTEM32\sechost.dll
0x000007feff3d0000 - 0x000007feff4fd000 	C:\Windows\system32\RPCRT4.dll
0x0000000077710000 - 0x000000007780a000 	C:\Windows\system32\USER32.dll
0x000007fefef70000 - 0x000007fefefd7000 	C:\Windows\system32\GDI32.dll
0x000007fefef30000 - 0x000007fefef3e000 	C:\Windows\system32\LPK.dll
0x000007fefee60000 - 0x000007fefef2a000 	C:\Windows\system32\USP10.dll
0x000007fefc130000 - 0x000007fefc324000 	C:\Windows\WinSxS\amd64_microsoft.windows.common-controls_6595b64144ccf1df_6.0.7601.18837_none_fa3b1e3d17594757\COMCTL32.dll
0x000007fefdbb0000 - 0x000007fefdc21000 	C:\Windows\system32\SHLWAPI.dll
0x000007fefee30000 - 0x000007fefee5e000 	C:\Windows\system32\IMM32.DLL
0x000007feff7b0000 - 0x000007feff8b9000 	C:\Windows\system32\MSCTF.dll
0x000000005fce0000 - 0x000000005fdb2000 	C:\Program Files\Java\jdk1.8.0_73\jre\bin\msvcr100.dll
0x000000005ff60000 - 0x00000000607f0000 	C:\Program Files\Java\jdk1.8.0_73\jre\bin\server\jvm.dll
0x000007fefa7a0000 - 0x000007fefa7a9000 	C:\Windows\system32\WSOCK32.dll
0x000007fefefe0000 - 0x000007feff02d000 	C:\Windows\system32\WS2_32.dll
0x000007fefef60000 - 0x000007fefef68000 	C:\Windows\system32\NSI.dll
0x000007fefd760000 - 0x000007fefd79b000 	C:\Windows\system32\WINMM.dll
0x000007fefc640000 - 0x000007fefc64c000 	C:\Windows\system32\VERSION.dll
0x00000000779e0000 - 0x00000000779e7000 	C:\Windows\system32\PSAPI.DLL
0x0000000070f50000 - 0x0000000070f5f000 	C:\Program Files\Java\jdk1.8.0_73\jre\bin\verify.dll
0x0000000070480000 - 0x00000000704a9000 	C:\Program Files\Java\jdk1.8.0_73\jre\bin\java.dll
0x0000000070460000 - 0x0000000070476000 	C:\Program Files\Java\jdk1.8.0_73\jre\bin\zip.dll
0x000007fefdec0000 - 0x000007fefec49000 	C:\Windows\system32\SHELL32.dll
0x000007feff030000 - 0x000007feff233000 	C:\Windows\system32\ole32.dll
0x000007fefd4e0000 - 0x000007fefd4ef000 	C:\Windows\system32\profapi.dll

VM Arguments:
jvm_args: -Djava.awt.headless=true -Xmx1024M -Dfile.encoding=GBK -Duser.country=CN -Duser.language=zh -Duser.variant 
java_command: com.android.dx.command.Main --dex --force-jumbo --num-threads=4 --multi-dex --output D:\Android\Workspace\MovieRecorderViewDemo\app\build\intermediates\transforms\dex\debug\folders\1000\10\com.android.support-support-media-compat-24.2.1_e3ba702619d578598b8951ac26f39fcbb959d5f2 D:\Android\Workspace\MovieRecorderViewDemo\app\build\intermediates\exploded-aar\com.android.support\support-media-compat\24.2.1\jars\classes.jar
java_class_path (initial): D:\Android\sdk\build-tools\24.0.2\lib\dx.jar
Launcher Type: SUN_STANDARD

Environment Variables:
JAVA_HOME=C:\Program Files\Java\jdk1.8.0_73
CLASSPATH=.;C:\Program Files\Java\jdk1.8.0_73\lib\dt.jar;C:\Program Files\Java\jdk1.8.0_73\lib\tools.jar
PATH=C:\Program Files\Java\jdk1.8.0_73\bin;C:\ProgramData\Oracle\Java\javapath;C:\Windows\system32;C:\Windows;C:\Windows\System32\Wbem;C:\Windows\System32\WindowsPowerShell\v1.0\
USERNAME=Administrator
OS=Windows_NT
PROCESSOR_IDENTIFIER=Intel64 Family 6 Model 60 Stepping 3, GenuineIntel



---------------  S Y S T E M  ---------------

OS: Windows 7 , 64 bit Build 7601 (6.1.7601.23539)

CPU:total 2 (2 cores per cpu, 1 threads per core) family 6 model 60 stepping 3, cmov, cx8, fxsr, mmx, sse, sse2, sse3, ssse3, sse4.1, sse4.2, popcnt, clmul, erms, lzcnt, tsc, tscinvbit

Memory: 4k page, physical 4127040k(29468k free), swap 6222332k(5572k free)

vm_info: Java HotSpot(TM) 64-Bit Server VM (25.73-b02) for windows-amd64 JRE (1.8.0_73-b02), built on Jan 29 2016 17:38:49 by "java_re" with MS VC++ 10.0 (VS2010)

time: Mon Sep 19 13:17:11 2016
elapsed time: 4 seconds (0d 0h 0m 4s)

